Unity Editor version:    2021.3.11f1 (0a5ca18544bf)
Branch:                  2021.3/staging
Build type:              Release
Batch mode:              YES
macOS version:           Version 13.0 (Build 22A380)
Darwin version:          22.1.0
Architecture:            arm64
Running under Rosetta:   NO
Available memory:        65536 MB
Using pre-set license
Pro License: YES

COMMAND LINE ARGUMENTS:
/Volumes/eSSD/Unity Installs/2021.3.11f1/Unity.app/Contents/MacOS/Unity
-adb2
-batchMode
-noUpm
-name
AssetImportWorker1
-projectPath
/Users/ahsen/unity_projects/My Website silicon URP
-logFile
Logs/AssetImportWorker1.log
-srvPort
51844
Successfully changed project path to: /Users/ahsen/unity_projects/My Website silicon URP
/Users/ahsen/unity_projects/My Website silicon URP
[UnityMemory] Configuration Parameters - Can be set up in boot.config
    "memorysetup-bucket-allocator-granularity=16"
    "memorysetup-bucket-allocator-bucket-count=8"
    "memorysetup-bucket-allocator-block-size=33554432"
    "memorysetup-bucket-allocator-block-count=8"
    "memorysetup-main-allocator-block-size=16777216"
    "memorysetup-thread-allocator-block-size=16777216"
    "memorysetup-gfx-main-allocator-block-size=16777216"
    "memorysetup-gfx-thread-allocator-block-size=16777216"
    "memorysetup-cache-allocator-block-size=4194304"
    "memorysetup-typetree-allocator-block-size=2097152"
    "memorysetup-profiler-bucket-allocator-granularity=16"
    "memorysetup-profiler-bucket-allocator-bucket-count=8"
    "memorysetup-profiler-bucket-allocator-block-size=33554432"
    "memorysetup-profiler-bucket-allocator-block-count=8"
    "memorysetup-profiler-allocator-block-size=16777216"
    "memorysetup-profiler-editor-allocator-block-size=1048576"
    "memorysetup-temp-allocator-size-main=16777216"
    "memorysetup-job-temp-allocator-block-size=2097152"
    "memorysetup-job-temp-allocator-block-size-background=1048576"
    "memorysetup-job-temp-allocator-reduction-small-platforms=262144"
    "memorysetup-temp-allocator-size-background-worker=32768"
    "memorysetup-temp-allocator-size-job-worker=262144"
    "memorysetup-temp-allocator-size-preload-manager=33554432"
    "memorysetup-temp-allocator-size-nav-mesh-worker=65536"
    "memorysetup-temp-allocator-size-audio-worker=65536"
    "memorysetup-temp-allocator-size-cloud-worker=32768"
    "memorysetup-temp-allocator-size-gi-baking-worker=262144"
    "memorysetup-temp-allocator-size-gfx=262144"
Refreshing native plugins compatible for Editor in 49.46 ms, found 2 plugins.
Preloading 0 native plugins for Editor in 0.00 ms.
Initialize engine version: 2021.3.11f1 (0a5ca18544bf)
[Subsystems] Discovering subsystems at path /Volumes/eSSD/Unity Installs/2021.3.11f1/Unity.app/Contents/Resources/UnitySubsystems
[Subsystems] Discovering subsystems at path /Users/ahsen/unity_projects/My Website silicon URP/Assets
GfxDevice: creating device client; threaded=0; jobified=0
 preferred device: Apple M1 Max (high power)
Metal devices available: 1
0: Apple M1 Max (high power)
Using device Apple M1 Max (high power)
Initializing Metal device caps: Apple M1 Max
Initialize mono
Mono path[0] = '/Volumes/eSSD/Unity Installs/2021.3.11f1/Unity.app/Contents/Managed'
Mono path[1] = '/Volumes/eSSD/Unity Installs/2021.3.11f1/Unity.app/Contents/MonoBleedingEdge/lib/mono/unityjit-macos'
Mono config path = '/Volumes/eSSD/Unity Installs/2021.3.11f1/Unity.app/Contents/MonoBleedingEdge/etc'
Using monoOptions --debugger-agent=transport=dt_socket,embedding=1,server=y,suspend=n,address=127.0.0.1:56798
Begin MonoManager ReloadAssembly
Registering precompiled unity dll's ...
Register platform support module: /Volumes/eSSD/Unity Installs/2021.3.11f1/PlaybackEngines/WebGLSupport/UnityEditor.WebGL.Extensions.dll
Register platform support module: /Volumes/eSSD/Unity Installs/2021.3.11f1/Unity.app/Contents/PlaybackEngines/MacStandaloneSupport/UnityEditor.OSXStandalone.Extensions.dll
Registered in 0.001250 seconds.
Native extension for OSXStandalone target not found
Native extension for WebGL target not found
Refreshing native plugins compatible for Editor in 51.49 ms, found 2 plugins.
Preloading 0 native plugins for Editor in 0.00 ms.
Mono: successfully reloaded assembly
- Completed reload, in  0.399 seconds
Domain Reload Profiling:
	ReloadAssembly (400ms)
		BeginReloadAssembly (70ms)
			ExecutionOrderSort (0ms)
			DisableScriptedObjects (0ms)
			BackupInstance (0ms)
			ReleaseScriptingObjects (0ms)
			CreateAndSetChildDomain (0ms)
		EndReloadAssembly (269ms)
			LoadAssemblies (71ms)
			RebuildTransferFunctionScriptingTraits (0ms)
			SetupTypeCache (62ms)
			ReleaseScriptCaches (0ms)
			RebuildScriptCaches (19ms)
			SetupLoadedEditorAssemblies (161ms)
				LogAssemblyErrors (0ms)
				InitializePlatformSupportModulesInManaged (4ms)
				SetLoadedEditorAssemblies (0ms)
				RefreshPlugins (52ms)
				BeforeProcessingInitializeOnLoad (1ms)
				ProcessInitializeOnLoadAttributes (84ms)
				ProcessInitializeOnLoadMethodAttributes (21ms)
				AfterProcessingInitializeOnLoad (0ms)
				EditorAssembliesLoaded (0ms)
			ExecutionOrderSort2 (0ms)
			AwakeInstancesAfterBackupRestoration (0ms)
Platform modules already initialized, skipping
Registering precompiled user dll's ...
Registered in 0.001555 seconds.
Begin MonoManager ReloadAssembly
Native extension for OSXStandalone target not found
Native extension for WebGL target not found
Refreshing native plugins compatible for Editor in 45.53 ms, found 2 plugins.
Preloading 0 native plugins for Editor in 0.00 ms.
Mono: successfully reloaded assembly
- Completed reload, in  0.682 seconds
Domain Reload Profiling:
	ReloadAssembly (682ms)
		BeginReloadAssembly (108ms)
			ExecutionOrderSort (0ms)
			DisableScriptedObjects (3ms)
			BackupInstance (0ms)
			ReleaseScriptingObjects (0ms)
			CreateAndSetChildDomain (8ms)
		EndReloadAssembly (507ms)
			LoadAssemblies (93ms)
			RebuildTransferFunctionScriptingTraits (0ms)
			SetupTypeCache (138ms)
			ReleaseScriptCaches (0ms)
			RebuildScriptCaches (31ms)
			SetupLoadedEditorAssemblies (284ms)
				LogAssemblyErrors (0ms)
				InitializePlatformSupportModulesInManaged (2ms)
				SetLoadedEditorAssemblies (0ms)
				RefreshPlugins (46ms)
				BeforeProcessingInitializeOnLoad (45ms)
				ProcessInitializeOnLoadAttributes (146ms)
				ProcessInitializeOnLoadMethodAttributes (43ms)
				AfterProcessingInitializeOnLoad (1ms)
				EditorAssembliesLoaded (0ms)
			ExecutionOrderSort2 (0ms)
			AwakeInstancesAfterBackupRestoration (2ms)
Platform modules already initialized, skipping
========================================================================
Worker process is ready to serve import requests
Launching external process: /Volumes/eSSD/Unity Installs/2021.3.11f1/Unity.app/Contents/Tools/UnityShaderCompiler
Launched and connected shader compiler UnityShaderCompiler after 0.08 seconds
Refreshing native plugins compatible for Editor in 0.51 ms, found 2 plugins.
Preloading 0 native plugins for Editor in 0.00 ms.
Unloading 3534 Unused Serialized files (Serialized files now loaded: 0)
Unloading 32 unused Assets / (359.2 KB). Loaded Objects now: 4020.
Memory consumption went from 240.3 MB to 239.9 MB.
Total: 2.793958 ms (FindLiveObjects: 0.113500 ms CreateObjectMapping: 0.042542 ms MarkObjects: 2.416458 ms  DeleteObjects: 0.220500 ms)

AssetImportParameters requested are different than current active one (requested -> active):
  custom:video-decoder-ogg-theora: a1e56fd34408186e4bbccfd4996cb3dc -> 
  custom:container-muxer-webm: aa71ff27fc2769a1b78a27578f13a17b -> 
  custom:container-demuxer-webm: 4f35f7cbe854078d1ac9338744f61a02 -> 
  custom:video-encoder-webm-vp8: eb34c28f22e8b96e1ab97ce403110664 -> 
  custom:framework-osx-AVFoundation: e770b220cccbd017edd2c1fefb359320 -> 
  custom:audio-encoder-webm-vorbis: bf7c407c2cedff20999df2af8eb42d56 -> 
  custom:container-demuxer-ogg: 62fdf1f143b41e24485cea50d1cbac27 -> 
  custom:video-decoder-webm-vp8: 9c59270c3fd7afecdb556c50c9e8de78 -> 
  custom:audio-decoder-ogg-vorbis: bf7c407c2cedff20999df2af8eb42d56 -> 
========================================================================
Received Import Request.
  Time since last request: 32688.231293 seconds.
  path: Assets/Graphics Settings/Renderer.asset
  artifactKey: Guid(99e1bc99fdd8c496ba7769a942e7bea2) Importer(815301076,1909f56bfc062723c751e8b465ee728b)
Start importing Assets/Graphics Settings/Renderer.asset using Guid(99e1bc99fdd8c496ba7769a942e7bea2) Importer(815301076,1909f56bfc062723c751e8b465ee728b)  -> (artifact id: 'e2a4644cbdbaf33d17a3ea09b2291f85') in 0.042719 seconds 
2022-11-05 22:00:03.199 Unity[18798:803138] +[CATransaction synchronize] called within transaction
========================================================================
Received Import Request.
  Time since last request: 54058.532556 seconds.
  path: Assets/Models/My Car 001.fbx
  artifactKey: Guid(0c9a7ba8457b34598ae6b34316149b22) Importer(815301076,1909f56bfc062723c751e8b465ee728b)
Start importing Assets/Models/My Car 001.fbx using Guid(0c9a7ba8457b34598ae6b34316149b22) Importer(815301076,1909f56bfc062723c751e8b465ee728b)  -> (artifact id: 'a39be6b57736604f0281cc7423c134d3') in 0.325435 seconds 
========================================================================
Received Import Request.
  Time since last request: 3349.998922 seconds.
  path: Assets/Scenes/The Scene/Lightmap-0_comp_dir.png
  artifactKey: Guid(2b9006babf47d4c618c19cde2deed0ac) Importer(815301076,1909f56bfc062723c751e8b465ee728b)
Start importing Assets/Scenes/The Scene/Lightmap-0_comp_dir.png using Guid(2b9006babf47d4c618c19cde2deed0ac) Importer(815301076,1909f56bfc062723c751e8b465ee728b)  -> (artifact id: 'db479f89a893b5766b28584d9f3e02e2') in 0.385631 seconds 
========================================================================
Received Import Request.
  Time since last request: 0.000060 seconds.
  path: Assets/Scenes/The Scene/Lightmap-1_comp_light.exr
  artifactKey: Guid(1ce854c14ec9a43f8bf4a76181139bd0) Importer(815301076,1909f56bfc062723c751e8b465ee728b)
Start importing Assets/Scenes/The Scene/Lightmap-1_comp_light.exr using Guid(1ce854c14ec9a43f8bf4a76181139bd0) Importer(815301076,1909f56bfc062723c751e8b465ee728b)  -> (artifact id: '5b1c5d5fd039ccdcead7e366b9fd9b52') in 0.367601 seconds 
========================================================================
Received Import Request.
  Time since last request: 0.000058 seconds.
  path: Assets/Scenes/The Scene/Lightmap-2_comp_dir.png
  artifactKey: Guid(054b314143469436190d48a1276993b8) Importer(815301076,1909f56bfc062723c751e8b465ee728b)
Start importing Assets/Scenes/The Scene/Lightmap-2_comp_dir.png using Guid(054b314143469436190d48a1276993b8) Importer(815301076,1909f56bfc062723c751e8b465ee728b)  -> (artifact id: 'd3223cd1036390589b8dad5133f89b2c') in 0.005190 seconds 
========================================================================
Received Import Request.
  Time since last request: 0.000053 seconds.
  path: Assets/Scenes/The Scene/Lightmap-2_comp_light.exr
  artifactKey: Guid(e45d209f46ef54c00be7498f79417fd0) Importer(815301076,1909f56bfc062723c751e8b465ee728b)
Start importing Assets/Scenes/The Scene/Lightmap-2_comp_light.exr using Guid(e45d209f46ef54c00be7498f79417fd0) Importer(815301076,1909f56bfc062723c751e8b465ee728b)  -> (artifact id: '15a0af4e4fc66a418463def4361bc646') in 0.005074 seconds 
========================================================================
Received Import Request.
  Time since last request: 0.000064 seconds.
  path: Assets/Scenes/The Scene/ReflectionProbe-0.exr
  artifactKey: Guid(1e80ab4a526c14961a9eec799c9d518a) Importer(815301076,1909f56bfc062723c751e8b465ee728b)
Start importing Assets/Scenes/The Scene/ReflectionProbe-0.exr using Guid(1e80ab4a526c14961a9eec799c9d518a) Importer(815301076,1909f56bfc062723c751e8b465ee728b)  -> (artifact id: 'e04373f5a04769666735ea9145994106') in 0.010708 seconds 
========================================================================
Received Import Request.
  Time since last request: 51.341000 seconds.
  path: Assets/Scenes/The Scene/Lightmap-0_comp_light.exr
  artifactKey: Guid(c73685673bf9d45ae8964575ede5e9df) Importer(815301076,1909f56bfc062723c751e8b465ee728b)
Start importing Assets/Scenes/The Scene/Lightmap-0_comp_light.exr using Guid(c73685673bf9d45ae8964575ede5e9df) Importer(815301076,1909f56bfc062723c751e8b465ee728b)  -> (artifact id: '4d20a343dd298a75424a4ebf4ebe4de2') in 0.007978 seconds 
========================================================================
Received Import Request.
  Time since last request: 0.000048 seconds.
  path: Assets/Scenes/The Scene/Lightmap-1_comp_light.exr
  artifactKey: Guid(1ce854c14ec9a43f8bf4a76181139bd0) Importer(815301076,1909f56bfc062723c751e8b465ee728b)
Start importing Assets/Scenes/The Scene/Lightmap-1_comp_light.exr using Guid(1ce854c14ec9a43f8bf4a76181139bd0) Importer(815301076,1909f56bfc062723c751e8b465ee728b)  -> (artifact id: 'cb759c8f09360d04098f991a04d631c3') in 0.004876 seconds 
========================================================================
Received Import Request.
  Time since last request: 0.000036 seconds.
  path: Assets/Scenes/The Scene/Lightmap-2_comp_dir.png
  artifactKey: Guid(054b314143469436190d48a1276993b8) Importer(815301076,1909f56bfc062723c751e8b465ee728b)
Start importing Assets/Scenes/The Scene/Lightmap-2_comp_dir.png using Guid(054b314143469436190d48a1276993b8) Importer(815301076,1909f56bfc062723c751e8b465ee728b)  -> (artifact id: '30834a162c7f13b8d42a4385ee132b14') in 0.007451 seconds 
========================================================================
Received Import Request.
  Time since last request: 0.000041 seconds.
  path: Assets/Scenes/The Scene/Lightmap-2_comp_light.exr
  artifactKey: Guid(e45d209f46ef54c00be7498f79417fd0) Importer(815301076,1909f56bfc062723c751e8b465ee728b)
Start importing Assets/Scenes/The Scene/Lightmap-2_comp_light.exr using Guid(e45d209f46ef54c00be7498f79417fd0) Importer(815301076,1909f56bfc062723c751e8b465ee728b)  -> (artifact id: '11da1bc86853469505067cf50506b206') in 0.006131 seconds 
Editor requested this worker to shutdown with reason: Scaling down because of idle timeout
AssetImportWorker is now disconnected from the server
Process exiting
