Unity Editor version:    2021.3.11f1 (0a5ca18544bf)
Branch:                  2021.3/staging
Build type:              Release
Batch mode:              YES
macOS version:           Version 13.0 (Build 22A380)
Darwin version:          22.1.0
Architecture:            arm64
Running under Rosetta:   NO
Available memory:        65536 MB
Using pre-set license
Pro License: YES

COMMAND LINE ARGUMENTS:
/Volumes/eSSD/Unity Installs/2021.3.11f1/Unity.app/Contents/MacOS/Unity
-adb2
-batchMode
-noUpm
-name
AssetImportWorker1
-projectPath
/Users/ahsen/unity_projects/My Website silicon URP
-logFile
Logs/AssetImportWorker1.log
-srvPort
52858
Successfully changed project path to: /Users/ahsen/unity_projects/My Website silicon URP
/Users/ahsen/unity_projects/My Website silicon URP
[UnityMemory] Configuration Parameters - Can be set up in boot.config
    "memorysetup-bucket-allocator-granularity=16"
    "memorysetup-bucket-allocator-bucket-count=8"
    "memorysetup-bucket-allocator-block-size=33554432"
    "memorysetup-bucket-allocator-block-count=8"
    "memorysetup-main-allocator-block-size=16777216"
    "memorysetup-thread-allocator-block-size=16777216"
    "memorysetup-gfx-main-allocator-block-size=16777216"
    "memorysetup-gfx-thread-allocator-block-size=16777216"
    "memorysetup-cache-allocator-block-size=4194304"
    "memorysetup-typetree-allocator-block-size=2097152"
    "memorysetup-profiler-bucket-allocator-granularity=16"
    "memorysetup-profiler-bucket-allocator-bucket-count=8"
    "memorysetup-profiler-bucket-allocator-block-size=33554432"
    "memorysetup-profiler-bucket-allocator-block-count=8"
    "memorysetup-profiler-allocator-block-size=16777216"
    "memorysetup-profiler-editor-allocator-block-size=1048576"
    "memorysetup-temp-allocator-size-main=16777216"
    "memorysetup-job-temp-allocator-block-size=2097152"
    "memorysetup-job-temp-allocator-block-size-background=1048576"
    "memorysetup-job-temp-allocator-reduction-small-platforms=262144"
    "memorysetup-temp-allocator-size-background-worker=32768"
    "memorysetup-temp-allocator-size-job-worker=262144"
    "memorysetup-temp-allocator-size-preload-manager=33554432"
    "memorysetup-temp-allocator-size-nav-mesh-worker=65536"
    "memorysetup-temp-allocator-size-audio-worker=65536"
    "memorysetup-temp-allocator-size-cloud-worker=32768"
    "memorysetup-temp-allocator-size-gi-baking-worker=262144"
    "memorysetup-temp-allocator-size-gfx=262144"
Refreshing native plugins compatible for Editor in 49.76 ms, found 2 plugins.
Preloading 0 native plugins for Editor in 0.00 ms.
Initialize engine version: 2021.3.11f1 (0a5ca18544bf)
[Subsystems] Discovering subsystems at path /Volumes/eSSD/Unity Installs/2021.3.11f1/Unity.app/Contents/Resources/UnitySubsystems
[Subsystems] Discovering subsystems at path /Users/ahsen/unity_projects/My Website silicon URP/Assets
GfxDevice: creating device client; threaded=0; jobified=0
 preferred device: Apple M1 Max (high power)
Metal devices available: 1
0: Apple M1 Max (high power)
Using device Apple M1 Max (high power)
Initializing Metal device caps: Apple M1 Max
Initialize mono
Mono path[0] = '/Volumes/eSSD/Unity Installs/2021.3.11f1/Unity.app/Contents/Managed'
Mono path[1] = '/Volumes/eSSD/Unity Installs/2021.3.11f1/Unity.app/Contents/MonoBleedingEdge/lib/mono/unityjit-macos'
Mono config path = '/Volumes/eSSD/Unity Installs/2021.3.11f1/Unity.app/Contents/MonoBleedingEdge/etc'
Using monoOptions --debugger-agent=transport=dt_socket,embedding=1,server=y,suspend=n,address=127.0.0.1:56229
Begin MonoManager ReloadAssembly
Registering precompiled unity dll's ...
Register platform support module: /Volumes/eSSD/Unity Installs/2021.3.11f1/PlaybackEngines/WebGLSupport/UnityEditor.WebGL.Extensions.dll
Register platform support module: /Volumes/eSSD/Unity Installs/2021.3.11f1/Unity.app/Contents/PlaybackEngines/MacStandaloneSupport/UnityEditor.OSXStandalone.Extensions.dll
Registered in 0.001695 seconds.
Native extension for OSXStandalone target not found
Native extension for WebGL target not found
Refreshing native plugins compatible for Editor in 50.33 ms, found 2 plugins.
Preloading 0 native plugins for Editor in 0.00 ms.
Mono: successfully reloaded assembly
- Completed reload, in  0.467 seconds
Domain Reload Profiling:
	ReloadAssembly (467ms)
		BeginReloadAssembly (89ms)
			ExecutionOrderSort (0ms)
			DisableScriptedObjects (0ms)
			BackupInstance (0ms)
			ReleaseScriptingObjects (0ms)
			CreateAndSetChildDomain (0ms)
		EndReloadAssembly (309ms)
			LoadAssemblies (91ms)
			RebuildTransferFunctionScriptingTraits (0ms)
			SetupTypeCache (78ms)
			ReleaseScriptCaches (0ms)
			RebuildScriptCaches (23ms)
			SetupLoadedEditorAssemblies (180ms)
				LogAssemblyErrors (0ms)
				InitializePlatformSupportModulesInManaged (4ms)
				SetLoadedEditorAssemblies (0ms)
				RefreshPlugins (50ms)
				BeforeProcessingInitializeOnLoad (1ms)
				ProcessInitializeOnLoadAttributes (101ms)
				ProcessInitializeOnLoadMethodAttributes (24ms)
				AfterProcessingInitializeOnLoad (0ms)
				EditorAssembliesLoaded (0ms)
			ExecutionOrderSort2 (0ms)
			AwakeInstancesAfterBackupRestoration (0ms)
Platform modules already initialized, skipping
Registering precompiled user dll's ...
Registered in 0.001507 seconds.
Begin MonoManager ReloadAssembly
Native extension for OSXStandalone target not found
Native extension for WebGL target not found
Refreshing native plugins compatible for Editor in 49.30 ms, found 2 plugins.
Preloading 0 native plugins for Editor in 0.00 ms.
Mono: successfully reloaded assembly
- Completed reload, in  0.740 seconds
Domain Reload Profiling:
	ReloadAssembly (741ms)
		BeginReloadAssembly (106ms)
			ExecutionOrderSort (0ms)
			DisableScriptedObjects (3ms)
			BackupInstance (0ms)
			ReleaseScriptingObjects (0ms)
			CreateAndSetChildDomain (10ms)
		EndReloadAssembly (563ms)
			LoadAssemblies (84ms)
			RebuildTransferFunctionScriptingTraits (0ms)
			SetupTypeCache (161ms)
			ReleaseScriptCaches (0ms)
			RebuildScriptCaches (42ms)
			SetupLoadedEditorAssemblies (299ms)
				LogAssemblyErrors (0ms)
				InitializePlatformSupportModulesInManaged (2ms)
				SetLoadedEditorAssemblies (0ms)
				RefreshPlugins (49ms)
				BeforeProcessingInitializeOnLoad (50ms)
				ProcessInitializeOnLoadAttributes (149ms)
				ProcessInitializeOnLoadMethodAttributes (47ms)
				AfterProcessingInitializeOnLoad (1ms)
				EditorAssembliesLoaded (0ms)
			ExecutionOrderSort2 (0ms)
			AwakeInstancesAfterBackupRestoration (2ms)
Platform modules already initialized, skipping
========================================================================
Worker process is ready to serve import requests
Launching external process: /Volumes/eSSD/Unity Installs/2021.3.11f1/Unity.app/Contents/Tools/UnityShaderCompiler
Launched and connected shader compiler UnityShaderCompiler after 0.06 seconds
Refreshing native plugins compatible for Editor in 0.50 ms, found 2 plugins.
Preloading 0 native plugins for Editor in 0.00 ms.
Unloading 3535 Unused Serialized files (Serialized files now loaded: 0)
Unloading 32 unused Assets / (359.3 KB). Loaded Objects now: 4021.
Memory consumption went from 240.5 MB to 240.1 MB.
Total: 2.800208 ms (FindLiveObjects: 0.116708 ms CreateObjectMapping: 0.043000 ms MarkObjects: 2.423500 ms  DeleteObjects: 0.216125 ms)

AssetImportParameters requested are different than current active one (requested -> active):
  custom:video-decoder-ogg-theora: a1e56fd34408186e4bbccfd4996cb3dc -> 
  custom:container-muxer-webm: aa71ff27fc2769a1b78a27578f13a17b -> 
  custom:container-demuxer-webm: 4f35f7cbe854078d1ac9338744f61a02 -> 
  custom:video-encoder-webm-vp8: eb34c28f22e8b96e1ab97ce403110664 -> 
  custom:framework-osx-AVFoundation: e770b220cccbd017edd2c1fefb359320 -> 
  custom:audio-encoder-webm-vorbis: bf7c407c2cedff20999df2af8eb42d56 -> 
  custom:container-demuxer-ogg: 62fdf1f143b41e24485cea50d1cbac27 -> 
  custom:video-decoder-webm-vp8: 9c59270c3fd7afecdb556c50c9e8de78 -> 
  custom:audio-decoder-ogg-vorbis: bf7c407c2cedff20999df2af8eb42d56 -> 
========================================================================
Received Import Request.
  Time since last request: 100579.284812 seconds.
  path: Assets/Materials/Car Materials/Transparent Glass.mat
  artifactKey: Guid(209bca77e656a44f3bff231b43b01ea3) Importer(815301076,1909f56bfc062723c751e8b465ee728b)
Start importing Assets/Materials/Car Materials/Transparent Glass.mat using Guid(209bca77e656a44f3bff231b43b01ea3) Importer(815301076,1909f56bfc062723c751e8b465ee728b)  -> (artifact id: '48e3763684623b476e14c568bed076ed') in 0.188554 seconds 
========================================================================
Received Import Request.
  Time since last request: 218.813290 seconds.
  path: Assets/Materials/Car Materials/Headlights.mat
  artifactKey: Guid(1906dd6db63cb48cbb5e0b9775064af4) Importer(815301076,1909f56bfc062723c751e8b465ee728b)
Start importing Assets/Materials/Car Materials/Headlights.mat using Guid(1906dd6db63cb48cbb5e0b9775064af4) Importer(815301076,1909f56bfc062723c751e8b465ee728b)  -> (artifact id: 'ca7ec2148ceb19b81c3e650c4b06ce13') in 0.993104 seconds 
========================================================================
Received Import Request.
  Time since last request: 0.000046 seconds.
  path: Assets/Materials/Car Materials/Sci-fi glow.mat
  artifactKey: Guid(7e8051263733f49e5a69477cf2554fd1) Importer(815301076,1909f56bfc062723c751e8b465ee728b)
Start importing Assets/Materials/Car Materials/Sci-fi glow.mat using Guid(7e8051263733f49e5a69477cf2554fd1) Importer(815301076,1909f56bfc062723c751e8b465ee728b)  -> (artifact id: '84b324f4bf9cf3bd6423e159582e6cf6') in 0.009749 seconds 
========================================================================
Received Import Request.
  Time since last request: 0.000030 seconds.
  path: Assets/Materials/Car Materials/Reverse Light.mat
  artifactKey: Guid(2bec23b26fb80430ba6d09ece641414a) Importer(815301076,1909f56bfc062723c751e8b465ee728b)
Start importing Assets/Materials/Car Materials/Reverse Light.mat using Guid(2bec23b26fb80430ba6d09ece641414a) Importer(815301076,1909f56bfc062723c751e8b465ee728b)  -> (artifact id: '3e395309c6f213bd2582c32d873fa319') in 0.007216 seconds 
========================================================================
Received Import Request.
  Time since last request: 0.000039 seconds.
  path: Assets/Materials/Car Materials/Rim.mat
  artifactKey: Guid(6a025644bc3ce4732bf6a40aba6c06f2) Importer(815301076,1909f56bfc062723c751e8b465ee728b)
Start importing Assets/Materials/Car Materials/Rim.mat using Guid(6a025644bc3ce4732bf6a40aba6c06f2) Importer(815301076,1909f56bfc062723c751e8b465ee728b)  -> (artifact id: '374a43d6068d651e2f0633e1af2354d6') in 0.007421 seconds 
========================================================================
Received Import Request.
  Time since last request: 392.379726 seconds.
  path: Assets/Materials/Shaders/MatteShadowCustModel.mat
  artifactKey: Guid(e158e30ebe6f2417a98ebbc6c5127426) Importer(815301076,1909f56bfc062723c751e8b465ee728b)
Start importing Assets/Materials/Shaders/MatteShadowCustModel.mat using Guid(e158e30ebe6f2417a98ebbc6c5127426) Importer(815301076,1909f56bfc062723c751e8b465ee728b)  -> (artifact id: '3cbb2e688c072f28cf4e7173ecad849c') in 0.063104 seconds 
========================================================================
Received Import Request.
  Time since last request: 1534.643869 seconds.
  path: Assets/Prefabs/Wheels/Coloured Rim.prefab
  artifactKey: Guid(fb157ef3f240d4a5c9d6da0f840a1598) Importer(815301076,1909f56bfc062723c751e8b465ee728b)
Start importing Assets/Prefabs/Wheels/Coloured Rim.prefab using Guid(fb157ef3f240d4a5c9d6da0f840a1598) Importer(815301076,1909f56bfc062723c751e8b465ee728b)  -> (artifact id: 'cd6701a3ea2bbdab284199aade7830a7') in 0.034197 seconds 
========================================================================
Received Import Request.
  Time since last request: 5.547060 seconds.
  path: Assets/Prefabs/Wheels/Left/F1 Wheel.prefab
  artifactKey: Guid(7401c98db7fab44bc89a151f64dcc3bd) Importer(815301076,1909f56bfc062723c751e8b465ee728b)
Start importing Assets/Prefabs/Wheels/Left/F1 Wheel.prefab using Guid(7401c98db7fab44bc89a151f64dcc3bd) Importer(815301076,1909f56bfc062723c751e8b465ee728b)  -> (artifact id: 'c939898db22a05e8c4b7f8f2f8cadb9a') in 0.011504 seconds 
========================================================================
Received Import Request.
  Time since last request: 0.000051 seconds.
  path: Assets/Prefabs/Wheels/Left/Semi Sport Wheel.prefab
  artifactKey: Guid(9b1b658474f654951a98428cc709d19d) Importer(815301076,1909f56bfc062723c751e8b465ee728b)
Start importing Assets/Prefabs/Wheels/Left/Semi Sport Wheel.prefab using Guid(9b1b658474f654951a98428cc709d19d) Importer(815301076,1909f56bfc062723c751e8b465ee728b)  -> (artifact id: '3d3a1104f3a718e019eb2c9d4ab667c7') in 0.022482 seconds 
========================================================================
Received Import Request.
  Time since last request: 0.000069 seconds.
  path: Assets/Prefabs/Wheels/Left/Offroad Wheel.prefab
  artifactKey: Guid(2b14372d573bf4f86bc8f8312633e30c) Importer(815301076,1909f56bfc062723c751e8b465ee728b)
Start importing Assets/Prefabs/Wheels/Left/Offroad Wheel.prefab using Guid(2b14372d573bf4f86bc8f8312633e30c) Importer(815301076,1909f56bfc062723c751e8b465ee728b)  -> (artifact id: '5c007cf7d789ab306825b31c29d4fa64') in 0.018399 seconds 
========================================================================
Received Import Request.
  Time since last request: 264.222413 seconds.
  path: Assets/Prefabs/Wheels/Right/Normal Wheel 1.prefab
  artifactKey: Guid(9c85597e3be3444ce814ae9a135e7fa2) Importer(815301076,1909f56bfc062723c751e8b465ee728b)
Start importing Assets/Prefabs/Wheels/Right/Normal Wheel 1.prefab using Guid(9c85597e3be3444ce814ae9a135e7fa2) Importer(815301076,1909f56bfc062723c751e8b465ee728b)  -> (artifact id: 'a96e268e0db272b860f215219a430607') in 0.025160 seconds 
========================================================================
Received Import Request.
  Time since last request: 0.000046 seconds.
  path: Assets/Prefabs/Wheels/Right/Offroad Wheel.prefab
  artifactKey: Guid(e86b5e7be984b445e9efb420f3ba59c3) Importer(815301076,1909f56bfc062723c751e8b465ee728b)
Start importing Assets/Prefabs/Wheels/Right/Offroad Wheel.prefab using Guid(e86b5e7be984b445e9efb420f3ba59c3) Importer(815301076,1909f56bfc062723c751e8b465ee728b)  -> (artifact id: '864cc40a01c916866184068066e209f8') in 0.021661 seconds 
========================================================================
Received Import Request.
  Time since last request: 0.000051 seconds.
  path: Assets/Prefabs/Wheels/Right/Sport Wheel.prefab
  artifactKey: Guid(8c8ac68afec0c456b9cf437b718f4ba6) Importer(815301076,1909f56bfc062723c751e8b465ee728b)
Start importing Assets/Prefabs/Wheels/Right/Sport Wheel.prefab using Guid(8c8ac68afec0c456b9cf437b718f4ba6) Importer(815301076,1909f56bfc062723c751e8b465ee728b)  -> (artifact id: 'f2af0614cdf4b59437953be84f59b4d7') in 0.019890 seconds 
========================================================================
Received Import Request.
  Time since last request: 0.000055 seconds.
  path: Assets/Prefabs/Wheels/Right/Normal Wheel.prefab
  artifactKey: Guid(762d9171c9c56406aba1e1f1634aafee) Importer(815301076,1909f56bfc062723c751e8b465ee728b)
Start importing Assets/Prefabs/Wheels/Right/Normal Wheel.prefab using Guid(762d9171c9c56406aba1e1f1634aafee) Importer(815301076,1909f56bfc062723c751e8b465ee728b)  -> (artifact id: '76f62961ce0a686a8e9ecb56872a95e7') in 0.018941 seconds 
========================================================================
Received Import Request.
  Time since last request: 0.000045 seconds.
  path: Assets/Prefabs/Wheels/Right/Semi Sport Wheel.prefab
  artifactKey: Guid(7210b7acc15ae44d38eddfd7c7a12559) Importer(815301076,1909f56bfc062723c751e8b465ee728b)
Start importing Assets/Prefabs/Wheels/Right/Semi Sport Wheel.prefab using Guid(7210b7acc15ae44d38eddfd7c7a12559) Importer(815301076,1909f56bfc062723c751e8b465ee728b)  -> (artifact id: '3330052c9d8b871a37fdd5eb58a3d8be') in 0.019781 seconds 
Editor requested this worker to shutdown with reason: Scaling down because of idle timeout
AssetImportWorker is now disconnected from the server
Process exiting
